<?xml version="1.0" encoding="UTF-8"?>
<coverage generated="1626869209322" clover="3.2.0">
  <project timestamp="1626869209322" name="All files">
    <metrics statements="11" coveredstatements="11" conditionals="6" coveredconditionals="6" methods="8" coveredmethods="8" elements="25" coveredelements="25" complexity="0" loc="11" ncloc="11" packages="1" files="1" classes="1"/>
    <file name="cart.utils.js" path="/Users/ramandeepmalhotra/PromotionAssignment/rimss/packages/container/src/utils/cart.utils.js">
      <metrics statements="11" coveredstatements="11" conditionals="6" coveredconditionals="6" methods="8" coveredmethods="8"/>
      <line num="1" count="1" type="stmt"/>
      <line num="3" count="2" type="stmt"/>
      <line num="5" count="2" type="cond" truecount="2" falsecount="0"/>
      <line num="6" count="1" type="stmt"/>
      <line num="8" count="1" type="stmt"/>
      <line num="12" count="1" type="stmt"/>
      <line num="13" count="2" type="cond" truecount="2" falsecount="0"/>
      <line num="14" count="1" type="stmt"/>
      <line num="16" count="2" type="cond" truecount="2" falsecount="0"/>
      <line num="19" count="1" type="stmt"/>
      <line num="20" count="2" type="stmt"/>
    </file>
  </project>
</coverage>
