<?xml version="1.0" encoding="UTF-8"?>
<coverage generated="1626895263515" clover="3.2.0">
  <project timestamp="1626895263515" name="All files">
    <metrics statements="17" coveredstatements="15" conditionals="16" coveredconditionals="10" methods="11" coveredmethods="10" elements="44" coveredelements="35" complexity="0" loc="17" ncloc="17" packages="2" files="2" classes="2"/>
    <package name="components">
      <metrics statements="6" coveredstatements="4" conditionals="10" coveredconditionals="4" methods="3" coveredmethods="2"/>
      <file name="Header.js" path="/Users/ramandeepmalhotra/PromotionAssignment/rimss/packages/container/src/components/Header.js">
        <metrics statements="6" coveredstatements="4" conditionals="10" coveredconditionals="4" methods="3" coveredmethods="2"/>
        <line num="14" count="1" type="stmt"/>
        <line num="34" count="1" type="stmt"/>
        <line num="36" count="1" type="stmt"/>
        <line num="37" count="0" type="cond" truecount="0" falsecount="4"/>
        <line num="38" count="0" type="stmt"/>
        <line num="42" count="1" type="stmt"/>
      </file>
    </package>
    <package name="utils">
      <metrics statements="11" coveredstatements="11" conditionals="6" coveredconditionals="6" methods="8" coveredmethods="8"/>
      <file name="cart.utils.js" path="/Users/ramandeepmalhotra/PromotionAssignment/rimss/packages/container/src/utils/cart.utils.js">
        <metrics statements="11" coveredstatements="11" conditionals="6" coveredconditionals="6" methods="8" coveredmethods="8"/>
        <line num="1" count="2" type="stmt"/>
        <line num="3" count="2" type="stmt"/>
        <line num="5" count="2" type="cond" truecount="2" falsecount="0"/>
        <line num="6" count="1" type="stmt"/>
        <line num="8" count="1" type="stmt"/>
        <line num="12" count="2" type="stmt"/>
        <line num="13" count="2" type="cond" truecount="2" falsecount="0"/>
        <line num="14" count="1" type="stmt"/>
        <line num="16" count="2" type="cond" truecount="2" falsecount="0"/>
        <line num="19" count="2" type="stmt"/>
        <line num="20" count="4" type="stmt"/>
      </file>
    </package>
  </project>
</coverage>
