{"/Users/ramandeepmalhotra/PromotionAssignment/rimss/packages/container/src/utils/cart.utils.js": {"path":"/Users/ramandeepmalhotra/PromotionAssignment/rimss/packages/container/src/utils/cart.utils.js","statementMap":{"0":{"start":{"line":1,"column":29},"end":{"line":10,"column":1}},"1":{"start":{"line":3,"column":29},"end":{"line":3,"column":90}},"2":{"start":{"line":3,"column":56},"end":{"line":3,"column":89}},"3":{"start":{"line":5,"column":4},"end":{"line":7,"column":5}},"4":{"start":{"line":6,"column":8},"end":{"line":6,"column":79}},"5":{"start":{"line":6,"column":40},"end":{"line":6,"column":77}},"6":{"start":{"line":8,"column":4},"end":{"line":8,"column":60}},"7":{"start":{"line":12,"column":34},"end":{"line":17,"column":1}},"8":{"start":{"line":13,"column":4},"end":{"line":15,"column":5}},"9":{"start":{"line":14,"column":8},"end":{"line":14,"column":81}},"10":{"start":{"line":14,"column":44},"end":{"line":14,"column":79}},"11":{"start":{"line":16,"column":4},"end":{"line":16,"column":113}},"12":{"start":{"line":16,"column":35},"end":{"line":16,"column":112}},"13":{"start":{"line":19,"column":33},"end":{"line":21,"column":1}},"14":{"start":{"line":20,"column":4},"end":{"line":20,"column":91}},"15":{"start":{"line":20,"column":55},"end":{"line":20,"column":86}}},"fnMap":{"0":{"name":"(anonymous_0)","decl":{"start":{"line":1,"column":29},"end":{"line":1,"column":30}},"loc":{"start":{"line":1,"column":60},"end":{"line":10,"column":1}},"line":1},"1":{"name":"(anonymous_1)","decl":{"start":{"line":3,"column":44},"end":{"line":3,"column":45}},"loc":{"start":{"line":3,"column":56},"end":{"line":3,"column":89}},"line":3},"2":{"name":"(anonymous_2)","decl":{"start":{"line":6,"column":29},"end":{"line":6,"column":30}},"loc":{"start":{"line":6,"column":40},"end":{"line":6,"column":77}},"line":6},"3":{"name":"(anonymous_3)","decl":{"start":{"line":12,"column":34},"end":{"line":12,"column":35}},"loc":{"start":{"line":12,"column":67},"end":{"line":17,"column":1}},"line":12},"4":{"name":"(anonymous_4)","decl":{"start":{"line":14,"column":32},"end":{"line":14,"column":33}},"loc":{"start":{"line":14,"column":44},"end":{"line":14,"column":79}},"line":14},"5":{"name":"(anonymous_5)","decl":{"start":{"line":16,"column":25},"end":{"line":16,"column":26}},"loc":{"start":{"line":16,"column":35},"end":{"line":16,"column":112}},"line":16},"6":{"name":"(anonymous_6)","decl":{"start":{"line":19,"column":33},"end":{"line":19,"column":34}},"loc":{"start":{"line":19,"column":48},"end":{"line":21,"column":1}},"line":19},"7":{"name":"(anonymous_7)","decl":{"start":{"line":20,"column":28},"end":{"line":20,"column":29}},"loc":{"start":{"line":20,"column":55},"end":{"line":20,"column":86}},"line":20}},"branchMap":{"0":{"loc":{"start":{"line":5,"column":4},"end":{"line":7,"column":5}},"type":"if","locations":[{"start":{"line":5,"column":4},"end":{"line":7,"column":5}},{"start":{"line":5,"column":4},"end":{"line":7,"column":5}}],"line":5},"1":{"loc":{"start":{"line":13,"column":4},"end":{"line":15,"column":5}},"type":"if","locations":[{"start":{"line":13,"column":4},"end":{"line":15,"column":5}},{"start":{"line":13,"column":4},"end":{"line":15,"column":5}}],"line":13},"2":{"loc":{"start":{"line":16,"column":35},"end":{"line":16,"column":112}},"type":"cond-expr","locations":[{"start":{"line":16,"column":68},"end":{"line":16,"column":105}},{"start":{"line":16,"column":108},"end":{"line":16,"column":112}}],"line":16}},"s":{"0":1,"1":2,"2":2,"3":2,"4":1,"5":1,"6":1,"7":1,"8":2,"9":1,"10":1,"11":1,"12":2,"13":1,"14":1,"15":2},"f":{"0":2,"1":2,"2":1,"3":2,"4":1,"5":2,"6":1,"7":2},"b":{"0":[1,1],"1":[1,1],"2":[1,1]},"_coverageSchema":"1a1c01bbd47fc00a2c39e90264f33305004495a9","hash":"8e06ee7b399ed294c4c6b1394844034cb7565286"}
}
