TN:
SF:src/components/Header.js
FN:14,(anonymous_0)
FN:28,Header
FN:36,(anonymous_2)
FNF:3
FNH:2
FNDA:1,(anonymous_0)
FNDA:1,Header
FNDA:0,(anonymous_2)
DA:14,1
DA:34,1
DA:36,1
DA:37,0
DA:38,0
DA:42,1
LF:6
LH:4
BRDA:37,0,0,0
BRDA:37,0,1,0
BRDA:37,1,0,0
BRDA:37,1,1,0
BRDA:56,2,0,1
BRDA:56,2,1,1
BRDA:88,3,0,1
BRDA:88,3,1,0
BRDA:91,4,0,1
BRDA:91,4,1,0
BRF:10
BRH:4
end_of_record
TN:
SF:src/utils/cart.utils.js
FN:1,(anonymous_0)
FN:3,(anonymous_1)
FN:6,(anonymous_2)
FN:12,(anonymous_3)
FN:14,(anonymous_4)
FN:16,(anonymous_5)
FN:19,(anonymous_6)
FN:20,(anonymous_7)
FNF:8
FNH:8
FNDA:2,(anonymous_0)
FNDA:2,(anonymous_1)
FNDA:1,(anonymous_2)
FNDA:2,(anonymous_3)
FNDA:1,(anonymous_4)
FNDA:2,(anonymous_5)
FNDA:2,(anonymous_6)
FNDA:4,(anonymous_7)
DA:1,2
DA:3,2
DA:5,2
DA:6,1
DA:8,1
DA:12,2
DA:13,2
DA:14,1
DA:16,2
DA:19,2
DA:20,4
LF:11
LH:11
BRDA:5,0,0,1
BRDA:5,0,1,1
BRDA:13,1,0,1
BRDA:13,1,1,1
BRDA:16,2,0,1
BRDA:16,2,1,1
BRF:6
BRH:6
end_of_record
